<?xml version="1.0" encoding="UTF-8"?>
<!-- Generated by org.testng.reporters.JUnitXMLReporter -->
<testsuite hostname="MacBook-Pro-Konstantin.local" ignored="0" tests="44" failures="2" timestamp="2019-03-06T20:55:39 EET" time="111.827" errors="0">
  <testcase name="cityFieldAsteriskIsDisplayed" time="0.042" classname="HotelPageTest"/>
  <testcase name="cityFieldIsDisplayed" time="0.032" classname="HotelPageTest"/>
  <testcase name="cityFieldIsEditable" time="0.285" classname="HotelPageTest">
    <failure type="org.openqa.selenium.StaleElementReferenceException" message="stale element reference: element is not attached to the page document
  (Session info: chrome=72.0.3626.121)
  (Driver info: chromedriver=2.46.628411 (3324f4c8be9ff2f70a05a30ebc72ffb013e1a71e),platform=Mac OS X 10.12.6 x86_64) (WARNING: The server did not provide any stacktrace information)
Command duration or timeout: 0 milliseconds
For documentation on this error, please visit: http://seleniumhq.org/exceptions/stale_element_reference.html
Build info: version: &amp;apos;3.14.0&amp;apos;, revision: &amp;apos;aacccce0&amp;apos;, time: &amp;apos;2018-08-02T20:19:58.91Z&amp;apos;
System info: host: &amp;apos;MacBook-Pro-Konstantin.local&amp;apos;, ip: &amp;apos;fe80:0:0:0:1c05:45ab:b777:ed96%en0&amp;apos;, os.name: &amp;apos;Mac OS X&amp;apos;, os.arch: &amp;apos;x86_64&amp;apos;, os.version: &amp;apos;10.12.6&amp;apos;, java.version: &amp;apos;1.8.0_201&amp;apos;
Driver info: org.openqa.selenium.chrome.ChromeDriver
Capabilities {acceptInsecureCerts: false, acceptSslCerts: false, applicationCacheEnabled: false, browserConnectionEnabled: false, browserName: chrome, chrome: {chromedriverVersion: 2.46.628411 (3324f4c8be9ff2..., userDataDir: /var/folders/1r/wjzc4zts3sb...}, cssSelectorsEnabled: true, databaseEnabled: false, goog:chromeOptions: {debuggerAddress: localhost:50051}, handlesAlerts: true, hasTouchScreen: false, javascriptEnabled: true, locationContextEnabled: true, mobileEmulationEnabled: false, nativeEvents: true, networkConnectionEnabled: false, pageLoadStrategy: normal, platform: MAC, platformName: MAC, proxy: Proxy(), rotatable: false, setWindowRect: true, strictFileInteractability: false, takesHeapSnapshot: true, takesScreenshot: true, timeouts: {implicit: 0, pageLoad: 300000, script: 30000}, unexpectedAlertBehaviour: ignore, unhandledPromptBehavior: ignore, version: 72.0.3626.121, webStorageEnabled: true}
Session ID: 934d11a44ad6e4338464ef5906224ae4">
      <![CDATA[org.openqa.selenium.StaleElementReferenceException: stale element reference: element is not attached to the page document
  (Session info: chrome=72.0.3626.121)
  (Driver info: chromedriver=2.46.628411 (3324f4c8be9ff2f70a05a30ebc72ffb013e1a71e),platform=Mac OS X 10.12.6 x86_64) (WARNING: The server did not provide any stacktrace information)
Command duration or timeout: 0 milliseconds
For documentation on this error, please visit: http://seleniumhq.org/exceptions/stale_element_reference.html
Build info: version: '3.14.0', revision: 'aacccce0', time: '2018-08-02T20:19:58.91Z'
System info: host: 'MacBook-Pro-Konstantin.local', ip: 'fe80:0:0:0:1c05:45ab:b777:ed96%en0', os.name: 'Mac OS X', os.arch: 'x86_64', os.version: '10.12.6', java.version: '1.8.0_201'
Driver info: org.openqa.selenium.chrome.ChromeDriver
Capabilities {acceptInsecureCerts: false, acceptSslCerts: false, applicationCacheEnabled: false, browserConnectionEnabled: false, browserName: chrome, chrome: {chromedriverVersion: 2.46.628411 (3324f4c8be9ff2..., userDataDir: /var/folders/1r/wjzc4zts3sb...}, cssSelectorsEnabled: true, databaseEnabled: false, goog:chromeOptions: {debuggerAddress: localhost:50051}, handlesAlerts: true, hasTouchScreen: false, javascriptEnabled: true, locationContextEnabled: true, mobileEmulationEnabled: false, nativeEvents: true, networkConnectionEnabled: false, pageLoadStrategy: normal, platform: MAC, platformName: MAC, proxy: Proxy(), rotatable: false, setWindowRect: true, strictFileInteractability: false, takesHeapSnapshot: true, takesScreenshot: true, timeouts: {implicit: 0, pageLoad: 300000, script: 30000}, unexpectedAlertBehaviour: ignore, unhandledPromptBehavior: ignore, version: 72.0.3626.121, webStorageEnabled: true}
Session ID: 934d11a44ad6e4338464ef5906224ae4
at org.openqa.selenium.remote.ErrorHandler.createThrowable(ErrorHandler.java:214)
at org.openqa.selenium.remote.ErrorHandler.throwIfResponseFailed(ErrorHandler.java:166)
at org.openqa.selenium.remote.http.JsonHttpResponseCodec.reconstructValue(JsonHttpResponseCodec.java:40)
at org.openqa.selenium.remote.http.AbstractHttpResponseCodec.decode(AbstractHttpResponseCodec.java:80)
at org.openqa.selenium.remote.http.AbstractHttpResponseCodec.decode(AbstractHttpResponseCodec.java:44)
at org.openqa.selenium.remote.HttpCommandExecutor.execute(HttpCommandExecutor.java:158)
at org.openqa.selenium.remote.service.DriverCommandExecutor.execute(DriverCommandExecutor.java:83)
at org.openqa.selenium.remote.RemoteWebDriver.execute(RemoteWebDriver.java:548)
at org.openqa.selenium.remote.RemoteWebElement.execute(RemoteWebElement.java:276)
at org.openqa.selenium.remote.RemoteWebElement.click(RemoteWebElement.java:83)
at org.openqa.selenium.support.pagefactory.internal.LocatingElementHandler.invoke(LocatingElementHandler.java:51)
at com.sun.proxy.$Proxy7.click(Unknown Source)
at pages.HotelPage.clickCitySelect(HotelPage.java:228)
at HotelPageTest.cityFieldIsEditable(HotelPageTest.java:253)
... Removed 39 stack frames]]>
    </failure>
  </testcase> <!-- cityFieldIsEditable -->
  <testcase name="countryFieldIsDisplayed" time="0.034" classname="HotelPageTest"/>
  <testcase name="countryFieldIsEditable" time="0.777" classname="HotelPageTest"/>
  <testcase name="coutryFieldAsteriskIsDisplayed" time="0.036" classname="HotelPageTest"/>
  <testcase name="dateOfConstructionEditable" time="0.301" classname="HotelPageTest"/>
  <testcase name="dateOfConstructionEmptyFieldErrorMessage" time="0.292" classname="HotelPageTest"/>
  <testcase name="dateOfConstructionFieldIsDisplayed" time="0.05" classname="HotelPageTest"/>
  <testcase name="dateOfConstructionFieldIsMarkedAsterisk" time="0.032" classname="HotelPageTest"/>
  <testcase name="dateOfConstructionIncorrectMessage" time="0.434" classname="HotelPageTest"/>
  <testcase name="dateOfConstuctionValidField" time="0.183" classname="HotelPageTest"/>
  <testcase name="descriptionAlphanumericCharacters" time="0.264" classname="HotelPageTest"/>
  <testcase name="descriptionFieldAsteriskIsDisplayed" time="0.029" classname="HotelPageTest"/>
  <testcase name="descriptionFieldIsDisplayed" time="0.03" classname="HotelPageTest"/>
  <testcase name="descriptionFieldIsEditable" time="0.305" classname="HotelPageTest"/>
  <testcase name="globalRatingFieldAllowsHotelRating" time="0.148" classname="HotelPageTest"/>
  <testcase name="globalRatingFieldIsDisplayed" time="0.028" classname="HotelPageTest"/>
  <testcase name="isNotPossibleToEnterEmptyCityField" time="0.697" classname="HotelPageTest"/>
  <testcase name="isNotPossibleToSaveEmptyDescription" time="0.255" classname="HotelPageTest"/>
  <testcase name="isNotPossibleToSaveEmptyField" time="0.463" classname="HotelPageTest"/>
  <testcase name="isNotPossibleToSaveEmptyShortDescription" time="0.456" classname="HotelPageTest"/>
  <testcase name="isPossibleToEnterValidNameField" time="1.144" classname="HotelPageTest"/>
  <testcase name="isPossibleToInputAlphanumericCharacters" time="0.162" classname="HotelPageTest"/>
  <testcase name="isPossibleToSaveEmptyNote" time="0.391" classname="HotelPageTest"/>
  <testcase name="isPossibleToSaveGlobalRatingField" time="0.32" classname="HotelPageTest"/>
  <testcase name="isPossibleToSaveValidCity" time="0.197" classname="HotelPageTest">
    <failure type="org.openqa.selenium.StaleElementReferenceException" message="stale element reference: element is not attached to the page document
  (Session info: chrome=72.0.3626.121)
  (Driver info: chromedriver=2.46.628411 (3324f4c8be9ff2f70a05a30ebc72ffb013e1a71e),platform=Mac OS X 10.12.6 x86_64) (WARNING: The server did not provide any stacktrace information)
Command duration or timeout: 0 milliseconds
For documentation on this error, please visit: http://seleniumhq.org/exceptions/stale_element_reference.html
Build info: version: &amp;apos;3.14.0&amp;apos;, revision: &amp;apos;aacccce0&amp;apos;, time: &amp;apos;2018-08-02T20:19:58.91Z&amp;apos;
System info: host: &amp;apos;MacBook-Pro-Konstantin.local&amp;apos;, ip: &amp;apos;fe80:0:0:0:1c05:45ab:b777:ed96%en0&amp;apos;, os.name: &amp;apos;Mac OS X&amp;apos;, os.arch: &amp;apos;x86_64&amp;apos;, os.version: &amp;apos;10.12.6&amp;apos;, java.version: &amp;apos;1.8.0_201&amp;apos;
Driver info: org.openqa.selenium.chrome.ChromeDriver
Capabilities {acceptInsecureCerts: false, acceptSslCerts: false, applicationCacheEnabled: false, browserConnectionEnabled: false, browserName: chrome, chrome: {chromedriverVersion: 2.46.628411 (3324f4c8be9ff2..., userDataDir: /var/folders/1r/wjzc4zts3sb...}, cssSelectorsEnabled: true, databaseEnabled: false, goog:chromeOptions: {debuggerAddress: localhost:50911}, handlesAlerts: true, hasTouchScreen: false, javascriptEnabled: true, locationContextEnabled: true, mobileEmulationEnabled: false, nativeEvents: true, networkConnectionEnabled: false, pageLoadStrategy: normal, platform: MAC, platformName: MAC, proxy: Proxy(), rotatable: false, setWindowRect: true, strictFileInteractability: false, takesHeapSnapshot: true, takesScreenshot: true, timeouts: {implicit: 0, pageLoad: 300000, script: 30000}, unexpectedAlertBehaviour: ignore, unhandledPromptBehavior: ignore, version: 72.0.3626.121, webStorageEnabled: true}
Session ID: 747b66fe121d4318d8ffcb9a2e135c25">
      <![CDATA[org.openqa.selenium.StaleElementReferenceException: stale element reference: element is not attached to the page document
  (Session info: chrome=72.0.3626.121)
  (Driver info: chromedriver=2.46.628411 (3324f4c8be9ff2f70a05a30ebc72ffb013e1a71e),platform=Mac OS X 10.12.6 x86_64) (WARNING: The server did not provide any stacktrace information)
Command duration or timeout: 0 milliseconds
For documentation on this error, please visit: http://seleniumhq.org/exceptions/stale_element_reference.html
Build info: version: '3.14.0', revision: 'aacccce0', time: '2018-08-02T20:19:58.91Z'
System info: host: 'MacBook-Pro-Konstantin.local', ip: 'fe80:0:0:0:1c05:45ab:b777:ed96%en0', os.name: 'Mac OS X', os.arch: 'x86_64', os.version: '10.12.6', java.version: '1.8.0_201'
Driver info: org.openqa.selenium.chrome.ChromeDriver
Capabilities {acceptInsecureCerts: false, acceptSslCerts: false, applicationCacheEnabled: false, browserConnectionEnabled: false, browserName: chrome, chrome: {chromedriverVersion: 2.46.628411 (3324f4c8be9ff2..., userDataDir: /var/folders/1r/wjzc4zts3sb...}, cssSelectorsEnabled: true, databaseEnabled: false, goog:chromeOptions: {debuggerAddress: localhost:50911}, handlesAlerts: true, hasTouchScreen: false, javascriptEnabled: true, locationContextEnabled: true, mobileEmulationEnabled: false, nativeEvents: true, networkConnectionEnabled: false, pageLoadStrategy: normal, platform: MAC, platformName: MAC, proxy: Proxy(), rotatable: false, setWindowRect: true, strictFileInteractability: false, takesHeapSnapshot: true, takesScreenshot: true, timeouts: {implicit: 0, pageLoad: 300000, script: 30000}, unexpectedAlertBehaviour: ignore, unhandledPromptBehavior: ignore, version: 72.0.3626.121, webStorageEnabled: true}
Session ID: 747b66fe121d4318d8ffcb9a2e135c25
at org.openqa.selenium.remote.ErrorHandler.createThrowable(ErrorHandler.java:214)
at org.openqa.selenium.remote.ErrorHandler.throwIfResponseFailed(ErrorHandler.java:166)
at org.openqa.selenium.remote.http.JsonHttpResponseCodec.reconstructValue(JsonHttpResponseCodec.java:40)
at org.openqa.selenium.remote.http.AbstractHttpResponseCodec.decode(AbstractHttpResponseCodec.java:80)
at org.openqa.selenium.remote.http.AbstractHttpResponseCodec.decode(AbstractHttpResponseCodec.java:44)
at org.openqa.selenium.remote.HttpCommandExecutor.execute(HttpCommandExecutor.java:158)
at org.openqa.selenium.remote.service.DriverCommandExecutor.execute(DriverCommandExecutor.java:83)
at org.openqa.selenium.remote.RemoteWebDriver.execute(RemoteWebDriver.java:548)
at org.openqa.selenium.remote.RemoteWebElement.execute(RemoteWebElement.java:276)
at org.openqa.selenium.remote.RemoteWebElement.click(RemoteWebElement.java:83)
at org.openqa.selenium.support.pagefactory.internal.LocatingElementHandler.invoke(LocatingElementHandler.java:51)
at com.sun.proxy.$Proxy7.click(Unknown Source)
at pages.HotelPage.clickCitySelect(HotelPage.java:228)
at HotelPageTest.isPossibleToSaveValidCity(HotelPageTest.java:278)
... Removed 38 stack frames]]>
    </failure>
  </testcase> <!-- isPossibleToSaveValidCity -->
  <testcase name="isPossibleToSaveValidCountry" time="0.439" classname="HotelPageTest"/>
  <testcase name="isPossibleToSaveValidDescription" time="0.23" classname="HotelPageTest"/>
  <testcase name="isPossibleToSaveValidNotes" time="0.429" classname="HotelPageTest"/>
  <testcase name="isPossibleToSaveValidRatingField" time="0.315" classname="HotelPageTest"/>
  <testcase name="isPossibleToSaveValidShortDescription" time="0.417" classname="HotelPageTest"/>
  <testcase name="nameFieldDisplayed" time="0.283" classname="HotelPageTest"/>
  <testcase name="nameFieldIsNotEmpty" time="0.321" classname="HotelPageTest"/>
  <testcase name="noteAlphanumericCharacters" time="0.239" classname="HotelPageTest"/>
  <testcase name="noteFieldIsDisplayed" time="0.034" classname="HotelPageTest"/>
  <testcase name="notesIsEditable" time="0.301" classname="HotelPageTest"/>
  <testcase name="shortDescriptionAlphanumericCharacters" time="0.165" classname="HotelPageTest"/>
  <testcase name="shortDescriptionAsteriskIsDisplayed" time="0.034" classname="HotelPageTest"/>
  <testcase name="shortDescriptionFieldIsEditable" time="0.286" classname="HotelPageTest"/>
  <testcase name="shortDescriptionIsDisplayed" time="0.026" classname="HotelPageTest"/>
  <testcase name="dataSectionIsDisplayed" time="0.035" classname="MainPageTest"/>
  <testcase name="registerHotelPageIsDisplayed" time="0.038" classname="MainPageTest"/>
  <testcase name="saveButtonIsDisplayed" time="0.034" classname="MainPageTest"/>
</testsuite>
